0 info it worked if it ends with ok
1 verbose cli [ 'C:\\Program Files\\nodejs\\node.exe',
1 verbose cli   'C:\\Program Files\\nodejs\\node_modules\\npm\\bin\\npm-cli.js',
1 verbose cli   'run',
1 verbose cli   'lint' ]
2 info using npm@3.10.10
3 info using node@v6.11.4
4 verbose run-script [ 'prelint', 'lint', 'postlint' ]
5 info lifecycle movie@1.0.0~prelint: movie@1.0.0
6 silly lifecycle movie@1.0.0~prelint: no script for prelint, continuing
7 info lifecycle movie@1.0.0~lint: movie@1.0.0
8 verbose lifecycle movie@1.0.0~lint: unsafe-perm in lifecycle true
9 verbose lifecycle movie@1.0.0~lint: PATH: C:\Program Files\nodejs\node_modules\npm\bin\node-gyp-bin;C:\Users\Administrator\Google Drive\Studier\Academy\Underlag\Web\David\superRepo\node_modules\.bin;C:\Users\Administrator\bin;C:\Program Files\Git\mingw64\bin;C:\Program Files\Git\usr\local\bin;C:\Program Files\Git\usr\bin;C:\Program Files\Git\usr\bin;C:\Program Files\Git\mingw64\bin;C:\Program Files\Git\usr\bin;C:\Users\Administrator\bin;C:\Program Files\Microsoft MPI\Bin;C:\ProgramData\Oracle\Java\javapath;C:\WINDOWS\system32;C:\WINDOWS;C:\WINDOWS\System32\Wbem;C:\WINDOWS\System32\WindowsPowerShell\v1.0;C:\Program Files\Java\jdk1.8.0_144\bin;C:\Program Files\Java\jdk-9\bin;C:\Program Files\Git\cmd;C:\Program Files\nodejs;C:\Program Files (x86)\Microsoft SQL Server\140\Tools\Binn;C:\Program Files\Microsoft SQL Server\140\Tools\Binn;C:\Program Files (x86)\Microsoft SQL Server\140\DTS\Binn;C:\Program Files\Microsoft SQL Server\140\DTS\Binn;C:\Program Files\Microsoft SQL Server\Client SDK\ODBC\130\Tools\Binn;C:\Program Files (x86)\Microsoft SQL Server\Client SDK\ODBC\130\Tools\Binn;C:\Program Files (x86)\Microsoft SQL Server\140\Tools\Binn\ManagementStudio;C:\Users\Administrator\AppData\Local\Microsoft\WindowsApps;C:\Users\Administrator\AppData\Local\atom\bin;C:\Users\Administrator\AppData\Roaming\npm;C:\Program Files\Microsoft VS Code\bin;C:\Users\Administrator\AppData\Local\Programs\Fiddler;%USERPROFILE%\AppData\Local\Microsoft\WindowsApps;C:\Program Files\Git\usr\bin\vendor_perl;C:\Program Files\Git\usr\bin\core_perl
10 verbose lifecycle movie@1.0.0~lint: CWD: C:\Users\Administrator\Google Drive\Studier\Academy\Underlag\Web\David\superRepo
11 silly lifecycle movie@1.0.0~lint: Args: [ '/d /s /c', 'stylelint stylesheet.less && eslint .' ]
12 silly lifecycle movie@1.0.0~lint: Returned: code: 2  signal: null
13 info lifecycle movie@1.0.0~lint: Failed to exec lint script
14 verbose stack Error: movie@1.0.0 lint: `stylelint stylesheet.less && eslint .`
14 verbose stack Exit status 2
14 verbose stack     at EventEmitter.<anonymous> (C:\Program Files\nodejs\node_modules\npm\lib\utils\lifecycle.js:255:16)
14 verbose stack     at emitTwo (events.js:106:13)
14 verbose stack     at EventEmitter.emit (events.js:191:7)
14 verbose stack     at ChildProcess.<anonymous> (C:\Program Files\nodejs\node_modules\npm\lib\utils\spawn.js:40:14)
14 verbose stack     at emitTwo (events.js:106:13)
14 verbose stack     at ChildProcess.emit (events.js:191:7)
14 verbose stack     at maybeClose (internal/child_process.js:920:16)
14 verbose stack     at Process.ChildProcess._handle.onexit (internal/child_process.js:230:5)
15 verbose pkgid movie@1.0.0
16 verbose cwd C:\Users\Administrator\Google Drive\Studier\Academy\Underlag\Web\David\superRepo
17 error Windows_NT 10.0.16299
18 error argv "C:\\Program Files\\nodejs\\node.exe" "C:\\Program Files\\nodejs\\node_modules\\npm\\bin\\npm-cli.js" "run" "lint"
19 error node v6.11.4
20 error npm  v3.10.10
21 error code ELIFECYCLE
22 error movie@1.0.0 lint: `stylelint stylesheet.less && eslint .`
22 error Exit status 2
23 error Failed at the movie@1.0.0 lint script 'stylelint stylesheet.less && eslint .'.
23 error Make sure you have the latest version of node.js and npm installed.
23 error If you do, this is most likely a problem with the movie package,
23 error not with npm itself.
23 error Tell the author that this fails on your system:
23 error     stylelint stylesheet.less && eslint .
23 error You can get information on how to open an issue for this project with:
23 error     npm bugs movie
23 error Or if that isn't available, you can get their info via:
23 error     npm owner ls movie
23 error There is likely additional logging output above.
24 verbose exit [ 1, true ]
